timestamp: 2017-02-25T07:00:50.719000
CREATE TABLE auth_user(
    id INTEGER PRIMARY KEY AUTOINCREMENT,
    first_name CHAR(128),
    last_name CHAR(128),
    email CHAR(512),
    password CHAR(512),
    registration_key CHAR(512),
    reset_password_key CHAR(512),
    registration_id CHAR(512)
);
success!
timestamp: 2017-02-25T07:00:51.970000
CREATE TABLE auth_group(
    id INTEGER PRIMARY KEY AUTOINCREMENT,
    role CHAR(512),
    description TEXT
);
success!
timestamp: 2017-02-25T07:00:52.208000
CREATE TABLE auth_membership(
    id INTEGER PRIMARY KEY AUTOINCREMENT,
    user_id INTEGER REFERENCES auth_user (id) ON DELETE CASCADE  ,
    group_id INTEGER REFERENCES auth_group (id) ON DELETE CASCADE  
);
success!
timestamp: 2017-02-25T07:00:52.339000
CREATE TABLE auth_permission(
    id INTEGER PRIMARY KEY AUTOINCREMENT,
    group_id INTEGER REFERENCES auth_group (id) ON DELETE CASCADE  ,
    name CHAR(512),
    table_name CHAR(512),
    record_id INTEGER
);
success!
timestamp: 2017-02-25T07:00:52.470000
CREATE TABLE auth_event(
    id INTEGER PRIMARY KEY AUTOINCREMENT,
    time_stamp TIMESTAMP,
    client_ip CHAR(512),
    user_id INTEGER REFERENCES auth_user (id) ON DELETE CASCADE  ,
    origin CHAR(512),
    description TEXT
);
success!
timestamp: 2017-02-25T07:00:52.692000
CREATE TABLE auth_cas(
    id INTEGER PRIMARY KEY AUTOINCREMENT,
    user_id INTEGER REFERENCES auth_user (id) ON DELETE CASCADE  ,
    created_on TIMESTAMP,
    service CHAR(512),
    ticket CHAR(512),
    renew CHAR(1)
);
success!
timestamp: 2017-02-25T07:27:51.180000
CREATE TABLE myfile(
    id INTEGER PRIMARY KEY AUTOINCREMENT,
    image CHAR(512)
);
success!
timestamp: 2017-02-25T07:34:51.194000
CREATE TABLE UploadDB(
    id INTEGER PRIMARY KEY AUTOINCREMENT,
    UserId CHAR(512),
    TarFile CHAR(512)
);
success!
timestamp: 2017-02-25T08:06:20.010000
ALTER TABLE UploadDB ADD submissiontime TIMESTAMP;
success!
success!
success!
success!
success!
success!
success!
success!
success!
success!
success!
success!
success!
success!
success!
success!
success!
timestamp: 2017-02-25T08:09:50.606000
ALTER TABLE UploadDB ADD evaluatedat TIMESTAMP;
timestamp: 2017-02-25T08:09:50.759000
ALTER TABLE UploadDB ADD evaluationstartedat TIMESTAMP;
success!
timestamp: 2017-02-25T08:11:41.566000
ALTER TABLE UploadDB ADD status CHAR(512);
timestamp: 2017-02-25T08:11:41.755000
ALTER TABLE UploadDB ADD console TEXT;
timestamp: 2017-02-25T08:11:41.835000
ALTER TABLE UploadDB ADD score INTEGER;
timestamp: 2017-02-25T08:11:41.933000
ALTER TABLE UploadDB ADD errorlog TEXT;
success!
success!
timestamp: 2017-02-25T08:12:32.735000
ALTER TABLE UploadDB ADD evaluation_started_at TIMESTAMP;
timestamp: 2017-02-25T08:12:32.830000
ALTER TABLE UploadDB ADD evaluated_at TIMESTAMP;
timestamp: 2017-02-25T08:12:33.050000
ALTER TABLE UploadDB ADD error_log TEXT;
success!
success!
success!
success!
success!
success!
success!
success!
success!
success!
success!
success!
success!
success!
success!
success!
success!
success!
success!
success!
success!
success!
success!
success!
success!
success!
success!
success!
success!
success!
success!
success!
success!
success!
success!
success!
success!
success!
success!
success!
success!
timestamp: 2017-02-25T08:27:51.330000
ALTER TABLE UploadDB ADD name CHAR(512);
success!
success!
success!
success!
success!
success!
success!
success!
success!
success!
success!
success!
success!
success!
success!
success!
success!
success!
success!
success!
success!
success!
success!
success!
success!
success!
success!
success!
success!
success!
success!
success!
success!
success!
success!
success!
success!
success!
success!
success!
success!
success!
success!
success!
success!
success!
success!
success!
success!
success!
success!
success!
success!
success!
success!
success!
success!
success!
success!
success!
success!
success!
success!
success!
success!
success!
success!
success!
success!
success!
success!
success!
success!
success!
success!
success!
success!
success!
success!
success!
success!
success!
success!
success!
success!
success!
success!
success!
success!
success!
success!
success!
success!
success!
success!
success!
success!
success!
success!
success!
success!
success!
success!
success!
success!
success!
success!
success!
success!
success!
success!
success!
success!
success!
success!
success!
success!
success!
success!
success!
success!
success!
success!
success!
success!
success!
success!
success!
success!
success!
success!
success!
success!
success!
success!
success!
success!
success!
success!
success!
success!
success!
success!
success!
success!
success!
success!
success!
success!
success!
success!
success!
success!
success!
success!
success!
success!
success!
success!
success!
success!
success!
success!
success!
success!
success!
success!
success!
success!
success!
success!
success!
success!
success!
success!
success!
success!
success!
success!
success!
success!
