[2017-02-25 06:59:28] START
[2017-02-25 07:01:19] EDIT COL380/models/menu.py: 0
[2017-02-25 07:02:54] EDIT COL380/models/db.py: 0
[2017-02-25 07:02:55] EDIT COL380/models/db.py: 0
[2017-02-25 07:02:55] EDIT COL380/models/db.py: 0
[2017-02-25 07:02:56] EDIT COL380/models/db.py: 0
[2017-02-25 07:02:56] EDIT COL380/models/db.py: 0
[2017-02-25 07:02:57] EDIT COL380/models/db.py: 0
[2017-02-25 07:03:17] EDIT COL380/models/db.py: 7
[2017-02-25 07:07:20] EDIT COL380/models/db.py: 0
[2017-02-25 07:07:26] EDIT COL380/models/db.py: 0
[2017-02-25 07:07:26] EDIT COL380/models/db.py: 0
[2017-02-25 07:07:27] EDIT COL380/models/db.py: 0
[2017-02-25 07:08:05] EDIT COL380/models/db.py: 0
[2017-02-25 07:08:13] EDIT COL380/models/db.py: 0
[2017-02-25 07:08:13] EDIT COL380/models/db.py: 0
[2017-02-25 07:08:57] EDIT COL380/models/db.py: 0
[2017-02-25 07:08:58] EDIT COL380/models/db.py: 0
[2017-02-25 07:09:13] EDIT COL380/models/db.py: 0
[2017-02-25 07:09:14] EDIT COL380/models/db.py: 0
[2017-02-25 07:09:14] EDIT COL380/models/db.py: 0
[2017-02-25 07:09:15] EDIT COL380/models/db.py: 0
[2017-02-25 07:10:06] EDIT COL380/models/db.py: 0
[2017-02-25 07:10:19] EDIT COL380/models/db.py: 0
[2017-02-25 07:10:21] EDIT COL380/models/db.py: 0
[2017-02-25 07:11:53] EDIT COL380/models/db.py: 0
[2017-02-25 07:15:05] EDIT COL380/models/db.py: 0
[2017-02-25 07:15:30] EDIT COL380/models/db.py: 0
[2017-02-25 07:16:28] EDIT COL380/models/db.py: 0
[2017-02-25 07:17:24] EDIT COL380/models/db.py: 0
[2017-02-25 07:17:26] EDIT COL380/models/db.py: 0
[2017-02-25 07:18:05] EDIT COL380/models/db.py: 0
[2017-02-25 07:18:07] EDIT COL380/models/db.py: 0
[2017-02-25 07:18:27] EDIT COL380/models/db.py: 0
[2017-02-25 07:19:21] EDIT COL380/models/db.py: 0
[2017-02-25 07:19:31] EDIT COL380/models/db.py: 0
[2017-02-25 07:19:36] EDIT COL380/models/db.py: 0
[2017-02-25 07:19:43] EDIT COL380/models/db.py: 0
[2017-02-25 07:22:04] EDIT COL380/models/db.py: 0
[2017-02-25 07:22:09] EDIT COL380/models/db.py: -7
[2017-02-25 07:22:25] EDIT COL380/models/menu.py: 0
[2017-02-25 07:22:27] EDIT COL380/models/menu.py: 0
[2017-02-25 07:22:31] EDIT COL380/models/menu.py: -2
[2017-02-25 07:22:34] EDIT COL380/models/menu.py: 0
[2017-02-25 07:22:48] EDIT COL380/models/menu.py: 0
[2017-02-25 07:23:08] EDIT COL380/models/menu.py: 2
[2017-02-25 07:23:23] EDIT COL380/models/menu.py: -2
[2017-02-25 07:23:41] CREATE Upload.py: 0
[2017-02-25 07:24:06] EDIT COL380/models/menu.py: 1
[2017-02-25 07:24:10] EDIT COL380/models/menu.py: -1
[2017-02-25 07:24:12] EDIT COL380/models/menu.py: 0
[2017-02-25 07:24:14] EDIT COL380/models/menu.py: 0
[2017-02-25 07:24:32] CREATE Upload/index.html: 0
[2017-02-25 07:24:42] EDIT COL380/controllers/Upload.py: 1
[2017-02-25 07:24:43] EDIT COL380/controllers/Upload.py: 0
[2017-02-25 07:25:02] CREATE mydb.py: 0
[2017-02-25 07:27:14] EDIT COL380/views/Upload/index.html: 0
[2017-02-25 07:27:17] EDIT COL380/views/Upload/index.html: 0
[2017-02-25 07:27:21] EDIT COL380/views/Upload/index.html: 0
[2017-02-25 07:27:25] EDIT COL380/models/mydb.py: 2
[2017-02-25 07:28:47] EDIT COL380/controllers/Upload.py: 1
[2017-02-25 07:28:54] EDIT COL380/controllers/Upload.py: 0
[2017-02-25 07:29:49] EDIT COL380/controllers/Upload.py: 0
[2017-02-25 07:31:09] EDIT COL380/controllers/Upload.py: 5
[2017-02-25 07:31:18] EDIT COL380/controllers/Upload.py: 0
[2017-02-25 07:31:21] EDIT COL380/controllers/Upload.py: -1
[2017-02-25 07:33:08] EDIT COL380/controllers/Upload.py: 0
[2017-02-25 07:33:08] EDIT COL380/controllers/Upload.py: 0
[2017-02-25 07:33:25] EDIT COL380/models/mydb.py: 0
[2017-02-25 07:33:31] EDIT COL380/models/mydb.py: 0
[2017-02-25 07:33:34] EDIT COL380/models/mydb.py: 0
[2017-02-25 07:33:38] EDIT COL380/models/mydb.py: 0
[2017-02-25 07:33:43] EDIT COL380/models/mydb.py: 1
[2017-02-25 07:33:45] EDIT COL380/models/mydb.py: 0
[2017-02-25 07:33:49] EDIT COL380/models/mydb.py: 0
[2017-02-25 07:33:59] EDIT COL380/models/mydb.py: 0
[2017-02-25 07:34:01] EDIT COL380/models/mydb.py: 0
[2017-02-25 07:34:38] EDIT COL380/models/mydb.py: 0
[2017-02-25 07:35:55] EDIT COL380/controllers/Upload.py: 1
[2017-02-25 07:36:47] EDIT COL380/controllers/Upload.py: 0
[2017-02-25 07:37:04] EDIT COL380/models/mydb.py: 0
[2017-02-25 07:37:14] EDIT COL380/models/mydb.py: 0
[2017-02-25 07:37:36] EDIT COL380/views/Upload/index.html: 0
[2017-02-25 08:05:27] EDIT COL380/models/mydb.py: 1
[2017-02-25 08:06:06] EDIT COL380/models/mydb.py: 0
[2017-02-25 08:06:13] EDIT COL380/models/mydb.py: 0
[2017-02-25 08:06:16] EDIT COL380/models/mydb.py: 0
[2017-02-25 08:06:56] EDIT COL380/models/mydb.py: 0
[2017-02-25 08:07:09] EDIT COL380/models/mydb.py: 0
[2017-02-25 08:07:21] EDIT COL380/models/mydb.py: 0
[2017-02-25 08:09:17] EDIT COL380/models/mydb.py: 1
[2017-02-25 08:09:19] EDIT COL380/models/mydb.py: 0
[2017-02-25 08:09:27] EDIT COL380/models/mydb.py: 0
[2017-02-25 08:09:32] EDIT COL380/models/mydb.py: 0
[2017-02-25 08:09:37] EDIT COL380/models/mydb.py: 1
[2017-02-25 08:09:44] EDIT COL380/models/mydb.py: 0
[2017-02-25 08:09:49] EDIT COL380/models/mydb.py: 0
[2017-02-25 08:10:00] EDIT COL380/models/mydb.py: 0
[2017-02-25 08:10:00] EDIT COL380/models/mydb.py: 0
[2017-02-25 08:10:01] EDIT COL380/models/mydb.py: 0
[2017-02-25 08:10:17] EDIT COL380/models/mydb.py: 1
[2017-02-25 08:10:45] EDIT COL380/models/mydb.py: 1
[2017-02-25 08:10:56] EDIT COL380/models/mydb.py: 0
[2017-02-25 08:11:05] EDIT COL380/models/mydb.py: 1
[2017-02-25 08:11:08] EDIT COL380/models/mydb.py: 0
[2017-02-25 08:11:15] EDIT COL380/models/mydb.py: 1
[2017-02-25 08:11:21] EDIT COL380/models/mydb.py: 0
[2017-02-25 08:11:24] EDIT COL380/models/mydb.py: 0
[2017-02-25 08:11:33] EDIT COL380/models/mydb.py: 0
[2017-02-25 08:12:15] EDIT COL380/models/mydb.py: 0
[2017-02-25 08:12:22] EDIT COL380/models/mydb.py: 0
[2017-02-25 08:12:25] EDIT COL380/models/mydb.py: 0
[2017-02-25 08:12:27] EDIT COL380/models/mydb.py: 0
[2017-02-25 08:12:29] EDIT COL380/models/mydb.py: 0
[2017-02-25 08:13:05] EDIT COL380/controllers/Upload.py: 2
[2017-02-25 08:18:02] EDIT COL380/controllers/Upload.py: 2
[2017-02-25 08:18:09] EDIT COL380/controllers/Upload.py: 0
[2017-02-25 08:18:23] EDIT COL380/models/menu.py: 1
[2017-02-25 08:18:27] EDIT COL380/models/menu.py: 0
[2017-02-25 08:18:29] EDIT COL380/models/menu.py: 0
[2017-02-25 08:18:37] EDIT COL380/models/menu.py: 0
[2017-02-25 08:18:55] CREATE Upload/ScoreBoard.html: 0
[2017-02-25 08:19:01] EDIT COL380/views/Upload/ScoreBoard.html: 0
[2017-02-25 08:19:07] EDIT COL380/views/Upload/ScoreBoard.html: -1
[2017-02-25 08:20:45] EDIT COL380/controllers/Upload.py: 0
[2017-02-25 08:21:06] EDIT COL380/controllers/Upload.py: 0
[2017-02-25 08:21:08] EDIT COL380/controllers/Upload.py: 0
[2017-02-25 08:21:39] EDIT COL380/controllers/Upload.py: 0
[2017-02-25 08:21:44] EDIT COL380/controllers/Upload.py: 0
[2017-02-25 08:23:50] EDIT COL380/controllers/Upload.py: 0
[2017-02-25 08:25:16] EDIT COL380/controllers/Upload.py: 1
[2017-02-25 08:25:18] EDIT COL380/controllers/Upload.py: -1
[2017-02-25 08:25:22] EDIT COL380/controllers/Upload.py: 0
[2017-02-25 08:25:24] EDIT COL380/controllers/Upload.py: 0
[2017-02-25 08:26:27] EDIT COL380/controllers/Upload.py: 0
[2017-02-25 08:26:30] EDIT COL380/controllers/Upload.py: 0
[2017-02-25 08:27:15] EDIT COL380/models/mydb.py: 1
[2017-02-25 08:27:17] EDIT COL380/models/mydb.py: 0
[2017-02-25 08:27:19] EDIT COL380/models/mydb.py: 0
[2017-02-25 08:27:23] EDIT COL380/models/mydb.py: 0
[2017-02-25 08:27:30] EDIT COL380/models/mydb.py: 0
[2017-02-25 08:27:33] EDIT COL380/models/mydb.py: 0
[2017-02-25 08:27:36] EDIT COL380/models/mydb.py: 0
[2017-02-25 08:27:42] EDIT COL380/models/mydb.py: 0
[2017-02-25 08:28:39] EDIT COL380/models/mydb.py: 0
[2017-02-25 08:28:41] EDIT COL380/models/mydb.py: 0
[2017-02-25 08:28:44] EDIT COL380/models/mydb.py: 0
[2017-02-25 08:28:58] EDIT COL380/models/mydb.py: 0
[2017-02-25 08:29:01] EDIT COL380/models/mydb.py: 0
[2017-02-25 08:29:03] EDIT COL380/models/mydb.py: 0
[2017-02-25 08:29:18] EDIT COL380/models/mydb.py: 0
[2017-02-25 08:29:36] EDIT COL380/models/mydb.py: 0
[2017-02-25 08:29:39] EDIT COL380/models/mydb.py: 0
[2017-02-25 08:29:44] EDIT COL380/models/mydb.py: 0
[2017-02-25 08:29:46] EDIT COL380/models/mydb.py: 0
[2017-02-25 08:29:52] EDIT COL380/models/mydb.py: 0
[2017-02-25 08:30:08] EDIT COL380/models/mydb.py: 0
[2017-02-25 08:30:10] EDIT COL380/models/mydb.py: 0
[2017-02-25 08:30:22] EDIT COL380/models/mydb.py: 0
[2017-02-25 08:30:25] EDIT COL380/models/mydb.py: 0
[2017-02-25 08:30:37] EDIT COL380/models/mydb.py: 0
[2017-02-25 08:30:37] EDIT COL380/models/mydb.py: 0
[2017-02-25 08:30:38] EDIT COL380/models/mydb.py: 0
[2017-02-25 08:30:51] EDIT COL380/models/mydb.py: 0
[2017-02-25 08:31:00] EDIT COL380/models/mydb.py: 0
[2017-02-25 08:31:01] EDIT COL380/models/mydb.py: 0
[2017-02-25 08:31:01] EDIT COL380/models/mydb.py: 0
[2017-02-25 08:31:05] EDIT COL380/models/mydb.py: 0
[2017-02-25 08:31:07] EDIT COL380/models/mydb.py: 0
[2017-02-25 08:31:11] EDIT COL380/models/mydb.py: 0
[2017-02-25 08:31:44] EDIT COL380/models/mydb.py: 0
[2017-02-25 08:33:06] EDIT COL380/controllers/Upload.py: 1
[2017-02-25 08:33:08] EDIT COL380/controllers/Upload.py: -1
[2017-02-25 08:33:13] EDIT COL380/controllers/Upload.py: 3
[2017-02-25 08:33:15] EDIT COL380/controllers/Upload.py: 0
[2017-02-25 08:33:19] EDIT COL380/controllers/Upload.py: 0
[2017-02-25 08:33:25] EDIT COL380/controllers/Upload.py: 0
[2017-02-25 08:33:57] EDIT COL380/models/mydb.py: 0
[2017-02-25 08:33:58] EDIT COL380/models/mydb.py: 0
[2017-02-25 08:33:59] EDIT COL380/models/mydb.py: 0
[2017-02-25 08:33:59] EDIT COL380/models/mydb.py: 0
[2017-02-25 08:33:59] EDIT COL380/models/mydb.py: 0
[2017-02-25 08:34:00] EDIT COL380/models/mydb.py: 0
[2017-02-25 08:34:00] EDIT COL380/models/mydb.py: 0
[2017-02-25 08:34:00] EDIT COL380/models/mydb.py: 0
[2017-02-25 08:34:01] EDIT COL380/models/mydb.py: 0
[2017-02-25 08:34:59] EDIT COL380/controllers/Upload.py: 0
[2017-02-25 08:35:12] EDIT COL380/controllers/Upload.py: 0
[2017-02-25 08:35:15] EDIT COL380/controllers/Upload.py: 0
[2017-02-25 08:35:42] EDIT COL380/controllers/Upload.py: 0
[2017-02-25 08:35:48] EDIT COL380/controllers/Upload.py: 0
[2017-02-25 08:35:50] EDIT COL380/controllers/Upload.py: 0
[2017-02-25 08:36:06] EDIT COL380/controllers/Upload.py: 0
[2017-02-25 08:36:33] EDIT COL380/controllers/Upload.py: 0
[2017-02-25 08:36:49] EDIT COL380/controllers/Upload.py: 0
[2017-02-25 08:36:53] EDIT COL380/controllers/Upload.py: 0
[2017-02-25 08:38:57] EDIT COL380/controllers/Upload.py: 0
[2017-02-25 08:39:09] EDIT COL380/controllers/Upload.py: 0
[2017-02-25 08:39:29] EDIT COL380/models/menu.py: 1
[2017-02-25 08:39:35] EDIT COL380/models/menu.py: 0
[2017-02-25 08:39:39] EDIT COL380/models/menu.py: 0
[2017-02-25 08:39:54] EDIT COL380/models/menu.py: 0
[2017-02-25 08:40:11] EDIT COL380/models/mydb.py: 0
[2017-02-25 08:41:20] EDIT COL380/controllers/default.py: 1
[2017-02-25 08:41:25] EDIT COL380/controllers/default.py: 0
[2017-02-25 08:42:19] EDIT COL380/models/mydb.py: 0
[2017-02-25 08:44:33] EDIT COL380/controllers/Upload.py: 1
[2017-02-25 08:45:00] EDIT COL380/controllers/Upload.py: 0
[2017-02-25 08:45:13] EDIT COL380/models/mydb.py: 0
[2017-02-25 08:45:25] EDIT COL380/models/mydb.py: 0
